<?xml version='1.0'?>
<ns2:test-suite xmlns:ns2='urn:model.allure.qatools.yandex.ru' start='1633448367126' stop='1633448371076'>
    <name>wait for display</name>
    <title>wait for display</title>
    <test-cases>
        <test-case start='1633448367127' status='broken' stop='1633448371075'>
            <name>scroll to the footer of the page</name>
            <title>scroll to the footer of the page</title>
            <labels>
                <label name='language' value='javascript'/>
                <label name='framework' value='wdio'/>
                <label name='thread' value='0-0'/>
            </labels>
            <parameters>
                <parameter kind='argument' name='browser' value='chrome-94.0.4606.61'/>
            </parameters>
            <steps>
                <step start='1633448367131' status='passed' stop='1633448370677'>
                    <name>POST /session/:sessionId/url</name>
                    <title>POST /session/:sessionId/url</title>
                    <attachments>
                        <attachment title='Request' source='84f26016-bf7c-4743-9d6a-98f067aefb77-attachment.json' type='application/json' size='49'/>
                    </attachments>
                    <steps/>
                </step>
                <step start='1633448370679' status='passed' stop='1633448370942'>
                    <name>POST /session/:sessionId/url</name>
                    <title>POST /session/:sessionId/url</title>
                    <attachments>
                        <attachment title='Request' source='cde70fc6-729b-40ed-8384-fb54400f5ef6-attachment.json' type='application/json' size='49'/>
                    </attachments>
                    <steps/>
                </step>
                <step start='1633448370943' status='passed' stop='1633448371073'>
                    <name>GET /session/:sessionId/screenshot</name>
                    <title>GET /session/:sessionId/screenshot</title>
                    <attachments>
                        <attachment title='Screenshot' source='eecd6663-08e0-41ff-8da8-d785eeb25ebf-attachment.png' type='image/png' size='63005'/>
                    </attachments>
                    <steps/>
                </step>
            </steps>
            <attachments/>
            <failure>
                <message>internetPageetPage is not defined</message>
                <stack-trace>ReferenceError: internetPageetPage is not defined
                    at Context.&lt;anonymous> (D:\Work\Study\wdio\tau course\test\specs\waitForDisplay.js:6:9)
                    at Context.executeSync (D:\Work\Study\wdio\tau course\node_modules\@wdio\sync\build\index.js:38:22)
                    at D:\Work\Study\wdio\tau course\node_modules\@wdio\sync\build\index.js:69:68</stack-trace>
            </failure>
        </test-case>
        <test-case start='1633448371075' status='pending' stop='1633448371075'>
            <name>should scroll into view</name>
            <title>should scroll into view</title>
            <labels/>
            <parameters/>
            <steps/>
            <attachments/>
            <failure>
                <message>Test ignored</message>
                <stack-trace>undefined</stack-trace>
            </failure>
        </test-case>
    </test-cases>
</ns2:test-suite>